[0m17:26:18.573586 [debug] [MainThread]: Sending event: {'category': 'dbt', 'action': 'invocation', 'label': 'start', 'context': [<snowplow_tracker.self_describing_json.SelfDescribingJson object at 0x791edbe28510>, <snowplow_tracker.self_describing_json.SelfDescribingJson object at 0x791edbe288d0>, <snowplow_tracker.self_describing_json.SelfDescribingJson object at 0x791edbe2a210>]}


============================== 17:26:18.578704 | 4e5c132c-deea-4df2-8371-4e5a82f5b6ac ==============================
[0m17:26:18.578704 [info ] [MainThread]: Running with dbt=1.11.2
[0m17:26:18.580795 [debug] [MainThread]: running dbt with arguments {'use_experimental_parser': 'False', 'no_print': 'None', 'fail_fast': 'False', 'target_path': 'None', 'quiet': 'False', 'debug': 'False', 'invocation_command': 'dbt init dbt_snowflake', 'introspect': 'True', 'cache_selected_only': 'False', 'profiles_dir': '/home/rvenancio/.dbt', 'empty': 'None', 'partial_parse': 'True', 'log_format': 'default', 'log_cache_events': 'False', 'warn_error': 'None', 'write_json': 'True', 'static_parser': 'True', 'version_check': 'True', 'indirect_selection': 'eager', 'send_anonymous_usage_stats': 'True', 'warn_error_options': 'WarnErrorOptionsV2(error=[], warn=[], silence=[])', 'printer_width': '80', 'log_path': 'logs', 'use_colors': 'True'}
[0m17:26:18.606756 [debug] [MainThread]: Starter project path: /home/rvenancio/.local/lib/python3.11/site-packages/dbt/include/starter_project
[0m17:26:18.779553 [info ] [MainThread]: 
Your new dbt project "dbt_snowflake" was created!

For more information on how to configure the profiles.yml file,
please consult the dbt documentation here:

  https://docs.getdbt.com/docs/configure-your-profile

One more thing:

Need help? Don't hesitate to reach out to us via GitHub issues or on Slack:

  https://community.getdbt.com/

Happy modeling!

[0m17:26:18.780740 [info ] [MainThread]: Setting up your profile.
[0m17:26:24.637468 [debug] [MainThread]: Traceback (most recent call last):
  File "/home/rvenancio/.local/lib/python3.11/site-packages/dbt/adapters/factory.py", line 68, in load_plugin
    mod: Any = import_module("." + name, "dbt.adapters")
               ^^^^^^^^^^^^^^^^^^^^^^^^^^^^^^^^^^^^^^^^^
  File "/usr/lib/python3.11/importlib/__init__.py", line 126, in import_module
    return _bootstrap._gcd_import(name[level:], package, level)
           ^^^^^^^^^^^^^^^^^^^^^^^^^^^^^^^^^^^^^^^^^^^^^^^^^^^^
  File "<frozen importlib._bootstrap>", line 1206, in _gcd_import
  File "<frozen importlib._bootstrap>", line 1178, in _find_and_load
  File "<frozen importlib._bootstrap>", line 1149, in _find_and_load_unlocked
  File "<frozen importlib._bootstrap>", line 690, in _load_unlocked
  File "<frozen importlib._bootstrap_external>", line 940, in exec_module
  File "<frozen importlib._bootstrap>", line 241, in _call_with_frames_removed
  File "/home/rvenancio/.local/lib/python3.11/site-packages/dbt/adapters/snowflake/__init__.py", line 2, in <module>
    from dbt.adapters.snowflake.connections import SnowflakeConnectionManager
  File "/home/rvenancio/.local/lib/python3.11/site-packages/dbt/adapters/snowflake/connections.py", line 22, in <module>
    from cryptography.hazmat.primitives import serialization
  File "/home/rvenancio/.local/lib/python3.11/site-packages/cryptography/hazmat/primitives/serialization/__init__.py", line 7, in <module>
    from cryptography.hazmat.primitives._serialization import (
  File "/home/rvenancio/.local/lib/python3.11/site-packages/cryptography/hazmat/primitives/_serialization.py", line 10, in <module>
    from cryptography.hazmat.primitives.hashes import HashAlgorithm
  File "/home/rvenancio/.local/lib/python3.11/site-packages/cryptography/hazmat/primitives/hashes.py", line 9, in <module>
    from cryptography.hazmat.bindings._rust import openssl as rust_openssl
ModuleNotFoundError: No module named '_cffi_backend'

[0m17:26:24.639176 [error] [MainThread]: Encountered an error:
No module named '_cffi_backend'
[0m17:26:24.643253 [error] [MainThread]: Traceback (most recent call last):
  File "/home/rvenancio/.local/lib/python3.11/site-packages/dbt/cli/requires.py", line 182, in wrapper
    result, success = func(*args, **kwargs)
                      ^^^^^^^^^^^^^^^^^^^^^
  File "/home/rvenancio/.local/lib/python3.11/site-packages/dbt/cli/requires.py", line 128, in wrapper
    return func(*args, **kwargs)
           ^^^^^^^^^^^^^^^^^^^^^
  File "/home/rvenancio/.local/lib/python3.11/site-packages/dbt/cli/main.py", line 483, in init
    results = task.run()
              ^^^^^^^^^^
  File "/home/rvenancio/.local/lib/python3.11/site-packages/dbt/task/init.py", line 346, in run
    self.setup_profile(profile_name)
  File "/home/rvenancio/.local/lib/python3.11/site-packages/dbt/task/init.py", line 262, in setup_profile
    self.create_profile_from_target(adapter, profile_name=profile_name)
  File "/home/rvenancio/.local/lib/python3.11/site-packages/dbt/task/init.py", line 172, in create_profile_from_target
    load_plugin(adapter)
  File "/home/rvenancio/.local/lib/python3.11/site-packages/dbt/adapters/factory.py", line 239, in load_plugin
    return FACTORY.load_plugin(name)
           ^^^^^^^^^^^^^^^^^^^^^^^^^
  File "/home/rvenancio/.local/lib/python3.11/site-packages/dbt/adapters/factory.py", line 68, in load_plugin
    mod: Any = import_module("." + name, "dbt.adapters")
               ^^^^^^^^^^^^^^^^^^^^^^^^^^^^^^^^^^^^^^^^^
  File "/usr/lib/python3.11/importlib/__init__.py", line 126, in import_module
    return _bootstrap._gcd_import(name[level:], package, level)
           ^^^^^^^^^^^^^^^^^^^^^^^^^^^^^^^^^^^^^^^^^^^^^^^^^^^^
  File "<frozen importlib._bootstrap>", line 1206, in _gcd_import
  File "<frozen importlib._bootstrap>", line 1178, in _find_and_load
  File "<frozen importlib._bootstrap>", line 1149, in _find_and_load_unlocked
  File "<frozen importlib._bootstrap>", line 690, in _load_unlocked
  File "<frozen importlib._bootstrap_external>", line 940, in exec_module
  File "<frozen importlib._bootstrap>", line 241, in _call_with_frames_removed
  File "/home/rvenancio/.local/lib/python3.11/site-packages/dbt/adapters/snowflake/__init__.py", line 2, in <module>
    from dbt.adapters.snowflake.connections import SnowflakeConnectionManager
  File "/home/rvenancio/.local/lib/python3.11/site-packages/dbt/adapters/snowflake/connections.py", line 22, in <module>
    from cryptography.hazmat.primitives import serialization
  File "/home/rvenancio/.local/lib/python3.11/site-packages/cryptography/hazmat/primitives/serialization/__init__.py", line 7, in <module>
    from cryptography.hazmat.primitives._serialization import (
  File "/home/rvenancio/.local/lib/python3.11/site-packages/cryptography/hazmat/primitives/_serialization.py", line 10, in <module>
    from cryptography.hazmat.primitives.hashes import HashAlgorithm
  File "/home/rvenancio/.local/lib/python3.11/site-packages/cryptography/hazmat/primitives/hashes.py", line 9, in <module>
    from cryptography.hazmat.bindings._rust import openssl as rust_openssl
ModuleNotFoundError: No module named '_cffi_backend'

[0m17:26:24.647496 [debug] [MainThread]: Resource report: {"command_name": "init", "command_success": false, "command_wall_clock_time": 6.1487985, "process_in_blocks": "2160", "process_kernel_time": 0.373408, "process_mem_max_rss": "107356", "process_out_blocks": "0", "process_user_time": 1.437422}
[0m17:26:24.649509 [debug] [MainThread]: Command `dbt init` failed at 17:26:24.649215 after 6.15 seconds
[0m17:26:24.651191 [debug] [MainThread]: Sending event: {'category': 'dbt', 'action': 'invocation', 'label': 'end', 'context': [<snowplow_tracker.self_describing_json.SelfDescribingJson object at 0x791edbe46c90>, <snowplow_tracker.self_describing_json.SelfDescribingJson object at 0x791edbe44850>, <snowplow_tracker.self_describing_json.SelfDescribingJson object at 0x791edc0988d0>]}
[0m17:26:24.652716 [debug] [MainThread]: Flushing usage events
[0m17:26:25.279169 [debug] [MainThread]: An error was encountered while trying to flush usage events
[0m17:37:42.135085 [debug] [MainThread]: Sending event: {'category': 'dbt', 'action': 'invocation', 'label': 'start', 'context': [<snowplow_tracker.self_describing_json.SelfDescribingJson object at 0x771f38c33290>, <snowplow_tracker.self_describing_json.SelfDescribingJson object at 0x771f38d7afd0>, <snowplow_tracker.self_describing_json.SelfDescribingJson object at 0x771f38c30ad0>]}


============================== 17:37:42.140805 | 30fe3bc4-21d2-4207-bbe2-df69aa284754 ==============================
[0m17:37:42.140805 [info ] [MainThread]: Running with dbt=1.11.2
[0m17:37:42.142653 [debug] [MainThread]: running dbt with arguments {'partial_parse': 'True', 'printer_width': '80', 'introspect': 'True', 'write_json': 'True', 'log_path': 'logs', 'use_colors': 'True', 'log_format': 'default', 'cache_selected_only': 'False', 'no_print': 'None', 'quiet': 'False', 'use_experimental_parser': 'False', 'log_cache_events': 'False', 'target_path': 'None', 'warn_error_options': 'WarnErrorOptionsV2(error=[], warn=[], silence=[])', 'indirect_selection': 'eager', 'invocation_command': 'dbt init dbt_snowflake', 'fail_fast': 'False', 'send_anonymous_usage_stats': 'True', 'warn_error': 'None', 'static_parser': 'True', 'empty': 'None', 'version_check': 'True', 'profiles_dir': '/home/rvenancio/.dbt', 'debug': 'False'}
[0m17:37:42.170284 [info ] [MainThread]: A project called dbt_snowflake already exists here.
[0m17:37:42.173567 [debug] [MainThread]: Resource report: {"command_name": "init", "command_success": true, "command_wall_clock_time": 0.109628014, "process_in_blocks": "51136", "process_kernel_time": 0.396629, "process_mem_max_rss": "102188", "process_out_blocks": "0", "process_user_time": 1.560572}
[0m17:37:42.175306 [debug] [MainThread]: Command `dbt init` succeeded at 17:37:42.175096 after 0.11 seconds
[0m17:37:42.177014 [debug] [MainThread]: Sending event: {'category': 'dbt', 'action': 'invocation', 'label': 'end', 'context': [<snowplow_tracker.self_describing_json.SelfDescribingJson object at 0x771f38c30f90>, <snowplow_tracker.self_describing_json.SelfDescribingJson object at 0x771f38c31d10>, <snowplow_tracker.self_describing_json.SelfDescribingJson object at 0x771f3d01fd10>]}
[0m17:37:42.178440 [debug] [MainThread]: Flushing usage events
[0m17:37:42.874885 [debug] [MainThread]: An error was encountered while trying to flush usage events
